ANALOG_0 {ANALOG_0 3}
----------------------------------------
Metal1 spacing < 0.14um (met1.2)
----------------------------------------
 10.590 22.970 10.620 23.015
 10.620 22.970 10.630 23.015
 10.590 22.960 10.630 22.970
 10.590 23.015 10.620 23.185
 10.620 23.015 10.630 23.185
 10.590 23.230 10.630 23.240
 10.590 23.185 10.620 23.230
 10.620 23.185 10.630 23.230
 10.450 23.230 10.490 23.240
 10.450 23.185 10.490 23.230
 10.450 23.015 10.490 23.185
 10.450 22.970 10.490 23.015
 10.450 22.960 10.490 22.970
----------------------------------------
Metal3 width < 0.3um (met3.1)
----------------------------------------
 22.525 28.780 22.620 28.880
----------------------------------------

