OpenROAD v2.0-6895-g5c85b36f8 
This program is licensed under the BSD-3 license. See the LICENSE file for details.
Components of this program may be licensed under more restrictive licenses which must be honored.
[INFO GPL-0002] DBU: 1000
[INFO GPL-0003] SiteSize: 460 2720
[INFO GPL-0004] CoreAreaLxLy: 15180 16320
[INFO GPL-0005] CoreAreaUxUy: 249780 247520
[INFO GPL-0006] NumInstances: 2
[INFO GPL-0007] NumPlaceInstances: 2
[INFO GPL-0008] NumFixedInstances: 0
[INFO GPL-0009] NumDummyInstances: 0
[INFO GPL-0010] NumNets: 4
[INFO GPL-0011] NumPins: 8
[INFO GPL-0012] DieAreaLxLy: 0 0
[INFO GPL-0013] DieAreaUxUy: 300000 300000
[INFO GPL-0014] CoreAreaLxLy: 15180 16320
[INFO GPL-0015] CoreAreaUxUy: 249780 247520
[INFO GPL-0016] CoreArea: 54239520000
[INFO GPL-0017] NonPlaceInstsArea: 0
[INFO GPL-0018] PlaceInstsArea: 539952700
[INFO GPL-0019] Util(%): 1.00
[INFO GPL-0020] StdInstsArea: 539952700
[INFO GPL-0021] MacroInstsArea: 0
[InitialPlace]  Iter: 1 CG residual: 0.00000004 HPWL: 855830
[InitialPlace]  Iter: 2 CG residual: 0.00000000 HPWL: 742700
[InitialPlace]  Iter: 3 CG residual: 0.00000001 HPWL: 718072
[InitialPlace]  Iter: 4 CG residual: 0.00000002 HPWL: 709200
[InitialPlace]  Iter: 5 CG residual: 0.00000000 HPWL: 709200
[INFO GPL-0031] FillerInit: NumGCells: 148
[INFO GPL-0032] FillerInit: NumGNets: 4
[INFO GPL-0033] FillerInit: NumGPins: 8
[INFO GPL-0023] TargetDensity: 0.60
[INFO GPL-0024] AveragePlaceInstArea: 269976350
[INFO GPL-0025] IdealBinArea: 449960576
[INFO GPL-0026] IdealBinCnt: 120
[INFO GPL-0027] TotalBinArea: 54239520000
[INFO GPL-0028] BinCnt: 8 8
[INFO GPL-0029] BinSize: 29325 28900
[INFO GPL-0030] NumBins: 64
[NesterovSolve] Iter: 1 overflow: 0 HPWL: 574401
[NesterovSolve] Finished with Overflow: 0.000000
Elapsed time: 0:00.37[h:]min:sec. CPU time: user 0.34 sys 0.02 (99%). Peak memory: 98924KB.
