OpenROAD v2.0-6895-g5c85b36f8 
This program is licensed under the BSD-3 license. See the LICENSE file for details.
Components of this program may be licensed under more restrictive licenses which must be honored.
[INFO ODB-0222] Reading LEF file: /home/coold69/openfasoc/openfasoc/generators/temp-sense-gen/flow/../../../common/platforms/sky130hd/lef/sky130_fd_sc_hd.tlef
[INFO ODB-0223]     Created 13 technology layers
[INFO ODB-0224]     Created 25 technology vias
[INFO ODB-0226] Finished LEF file:  /home/coold69/openfasoc/openfasoc/generators/temp-sense-gen/flow/../../../common/platforms/sky130hd/lef/sky130_fd_sc_hd.tlef
[INFO ODB-0222] Reading LEF file: /home/coold69/openfasoc/openfasoc/generators/temp-sense-gen/flow/../../../common/platforms/sky130hd/lef/sky130_fd_sc_hd_merged.lef
[INFO ODB-0225]     Created 441 library cells
[INFO ODB-0226] Finished LEF file:  /home/coold69/openfasoc/openfasoc/generators/temp-sense-gen/flow/../../../common/platforms/sky130hd/lef/sky130_fd_sc_hd_merged.lef
[INFO ODB-0222] Reading LEF file: ../blocks/sky130hd/lef/HEADER.lef
[INFO ODB-0225]     Created 1 library cells
[INFO ODB-0226] Finished LEF file:  ../blocks/sky130hd/lef/HEADER.lef
[INFO ODB-0222] Reading LEF file: ../blocks/sky130hd/lef/SLC.lef
[INFO ODB-0225]     Created 1 library cells
[INFO ODB-0226] Finished LEF file:  ../blocks/sky130hd/lef/SLC.lef
[WARNING ORD-1011] LEF master HEADER has no liberty cell.
[WARNING ORD-1011] LEF master SLC has no liberty cell.
number instances in verilog is 163
[INFO IFP-0001] Added 42 rows of 258 sites.
[INFO RSZ-0026] Removed 13 buffers.
Default units for flow
 time 1ns
 capacitance 1pF
 resistance 1kohm
 voltage 1v
 current 1mA
 power 1nW
 distance 1um

==========================================================================
floorplan final report_tns
--------------------------------------------------------------------------
tns 0.00

==========================================================================
floorplan final report_wns
--------------------------------------------------------------------------
wns 0.00

==========================================================================
floorplan final report_worst_slack
--------------------------------------------------------------------------
worst slack INF

==========================================================================
floorplan final report_clock_skew
--------------------------------------------------------------------------

==========================================================================
floorplan final report_checks -path_delay min
--------------------------------------------------------------------------
No paths found.

==========================================================================
floorplan final report_checks -path_delay max
--------------------------------------------------------------------------
No paths found.

==========================================================================
floorplan final report_checks -unconstrained
--------------------------------------------------------------------------
Startpoint: _176_ (falling edge-triggered flip-flop)
Endpoint: DOUT[10] (output port)
Path Group: (none)
Path Type: max

Fanout     Cap    Slew   Delay    Time   Description
-----------------------------------------------------------------------------
                  0.05    0.00    0.00 v _176_/CLK_N (sky130_fd_sc_hd__dfrtn_1)
                  0.05    0.34    0.34 v _176_/Q (sky130_fd_sc_hd__dfrtn_1)
     3    0.01                           temp_analog_1.async_counter_0.div_r[10] (net)
                  0.05    0.00    0.34 v _092_/A1 (sky130_fd_sc_hd__mux4_1)
                  0.08    0.49    0.83 v _092_/X (sky130_fd_sc_hd__mux4_1)
     1    0.00                           _053_ (net)
                  0.08    0.00    0.83 v _093_/B (sky130_fd_sc_hd__nand2_1)
                  0.05    0.08    0.90 ^ _093_/Y (sky130_fd_sc_hd__nand2_1)
     1    0.00                           _054_ (net)
                  0.05    0.00    0.90 ^ _094_/B1 (sky130_fd_sc_hd__o311a_1)
                  0.75    0.66    1.56 ^ _094_/X (sky130_fd_sc_hd__o311a_1)
    27    0.08                           _055_ (net)
                  0.75    0.00    1.56 ^ _129_/B (sky130_fd_sc_hd__nor3_1)
                  0.10    0.07    1.63 v _129_/Y (sky130_fd_sc_hd__nor3_1)
     1    0.00                           DOUT[10] (net)
                  0.10    0.00    1.63 v DOUT[10] (out)
                                  1.63   data arrival time
-----------------------------------------------------------------------------
(Path is unconstrained)



==========================================================================
floorplan final report_power
--------------------------------------------------------------------------
Group                  Internal  Switching    Leakage      Total
                          Power      Power      Power      Power (Watts)
----------------------------------------------------------------
Sequential             1.68e-13   3.57e-14   5.48e-10   5.48e-10  58.0%
Combinational          9.63e-14   1.04e-13   3.96e-10   3.96e-10  42.0%
Macro                  0.00e+00   0.00e+00   0.00e+00   0.00e+00   0.0%
Pad                    0.00e+00   0.00e+00   0.00e+00   0.00e+00   0.0%
----------------------------------------------------------------
Total                  2.65e-13   1.39e-13   9.44e-10   9.44e-10 100.0%
                           0.0%       0.0%     100.0%

==========================================================================
floorplan final report_design_area
--------------------------------------------------------------------------
Design area 1854 u^2 14% utilization.

Elapsed time: 0:00.86[h:]min:sec. CPU time: user 0.42 sys 0.14 (65%). Peak memory: 104428KB.
