OpenROAD v2.0-6895-g5c85b36f8 
This program is licensed under the BSD-3 license. See the LICENSE file for details.
Components of this program may be licensed under more restrictive licenses which must be honored.
Placement Analysis
---------------------------------
total displacement        917.0 u
average displacement        2.3 u
max displacement           53.7 u
original HPWL            4373.5 u
legalized HPWL           4785.2 u
delta HPWL                    9 %

[INFO DPL-0020] Mirrored 64 instances
[INFO DPL-0021] HPWL before            4785.2 u
[INFO DPL-0022] HPWL after             4700.4 u
[INFO DPL-0023] HPWL delta               -1.8 %
[INFO FLW-0012] Placement violations .

==========================================================================
detailed place report_tns
--------------------------------------------------------------------------
tns 0.00

==========================================================================
detailed place report_wns
--------------------------------------------------------------------------
wns 0.00

==========================================================================
detailed place report_worst_slack
--------------------------------------------------------------------------
worst slack INF

==========================================================================
detailed place report_clock_skew
--------------------------------------------------------------------------

==========================================================================
detailed place report_checks -path_delay min
--------------------------------------------------------------------------
No paths found.

==========================================================================
detailed place report_checks -path_delay max
--------------------------------------------------------------------------
No paths found.

==========================================================================
detailed place report_checks -unconstrained
--------------------------------------------------------------------------
Startpoint: _178_ (falling edge-triggered flip-flop)
Endpoint: DOUT[10] (output port)
Path Group: (none)
Path Type: max

Fanout     Cap    Slew   Delay    Time   Description
-----------------------------------------------------------------------------
                  0.07    0.00    0.00 v _178_/CLK_N (sky130_fd_sc_hd__dfrtn_1)
                  0.07    0.37    0.37 v _178_/Q (sky130_fd_sc_hd__dfrtn_1)
     3    0.01                           temp_analog_1.async_counter_0.div_r[8] (net)
                  0.07    0.00    0.37 v _100_/A3 (sky130_fd_sc_hd__mux4_2)
                  0.10    0.50    0.87 v _100_/X (sky130_fd_sc_hd__mux4_2)
     1    0.01                           _061_ (net)
                  0.10    0.00    0.87 v _101_/B1 (sky130_fd_sc_hd__a221oi_4)
                  1.27    1.04    1.91 ^ _101_/Y (sky130_fd_sc_hd__a221oi_4)
    27    0.12                           _062_ (net)
                  1.27    0.01    1.92 ^ _129_/C (sky130_fd_sc_hd__nor3_1)
                  0.33    0.36    2.28 v _129_/Y (sky130_fd_sc_hd__nor3_1)
     1    0.02                           DOUT[10] (net)
                  0.33    0.00    2.28 v DOUT[10] (out)
                                  2.28   data arrival time
-----------------------------------------------------------------------------
(Path is unconstrained)



==========================================================================
detailed place report_check_types -max_slew -max_cap -max_fanout -violators
--------------------------------------------------------------------------

==========================================================================
detailed place max_slew_check_slack
--------------------------------------------------------------------------
0.2308293581008911

==========================================================================
detailed place max_slew_check_limit
--------------------------------------------------------------------------
1.5

==========================================================================
detailed place max_slew_check_slack_limit
--------------------------------------------------------------------------
0.1539

==========================================================================
detailed place max_fanout_check_slack
--------------------------------------------------------------------------
1.0000000150474662e+30

==========================================================================
detailed place max_fanout_check_limit
--------------------------------------------------------------------------
1.0000000150474662e+30

==========================================================================
detailed place max_capacitance_check_slack
--------------------------------------------------------------------------
0.027964461594820023

==========================================================================
detailed place max_capacitance_check_limit
--------------------------------------------------------------------------
0.052195001393556595

==========================================================================
detailed place max_capacitance_check_slack_limit
--------------------------------------------------------------------------
0.5358

==========================================================================
detailed place max_slew_violation_count
--------------------------------------------------------------------------
max slew violation count 0

==========================================================================
detailed place max_fanout_violation_count
--------------------------------------------------------------------------
max fanout violation count 0

==========================================================================
detailed place max_cap_violation_count
--------------------------------------------------------------------------
max cap violation count 0

==========================================================================
detailed place setup_violation_count
--------------------------------------------------------------------------
setup violation count 0

==========================================================================
detailed place hold_violation_count
--------------------------------------------------------------------------
hold violation count 0

==========================================================================
detailed place critical path delay
--------------------------------------------------------------------------
-1

==========================================================================
detailed place critical path slack
--------------------------------------------------------------------------
0

==========================================================================
detailed place slack div critical path delay
--------------------------------------------------------------------------
0.000000

==========================================================================
detailed place report_power
--------------------------------------------------------------------------
Group                  Internal  Switching    Leakage      Total
                          Power      Power      Power      Power (Watts)
----------------------------------------------------------------
Sequential             1.64e-13   5.49e-14   5.48e-10   5.48e-10  42.5%
Combinational          9.70e-14   2.50e-13   7.40e-10   7.40e-10  57.5%
Macro                  0.00e+00   0.00e+00   0.00e+00   0.00e+00   0.0%
Pad                    0.00e+00   0.00e+00   0.00e+00   0.00e+00   0.0%
----------------------------------------------------------------
Total                  2.61e-13   3.04e-13   1.29e-09   1.29e-09 100.0%
                           0.0%       0.0%     100.0%

==========================================================================
detailed place report_design_area
--------------------------------------------------------------------------
Design area 2559 u^2 19% utilization.

Elapsed time: 0:00.38[h:]min:sec. CPU time: user 0.35 sys 0.02 (99%). Peak memory: 101232KB.
