OpenROAD v2.0-6895-g5c85b36f8 
This program is licensed under the BSD-3 license. See the LICENSE file for details.
Components of this program may be licensed under more restrictive licenses which must be honored.
[INFO GRT-0020] Min routing layer: met1
[INFO GRT-0021] Max routing layer: met5
[INFO GRT-0022] Global adjustment: 0%
[INFO GRT-0023] Grid origin: (0, 0)
[INFO GRT-0043] No OR_DEFAULT vias defined.
[INFO GRT-0088] Layer li1     Track-Pitch = 0.4600  line-2-Via Pitch: 0.3400
[INFO GRT-0088] Layer met1    Track-Pitch = 0.3400  line-2-Via Pitch: 0.3400
[INFO GRT-0088] Layer met2    Track-Pitch = 0.4600  line-2-Via Pitch: 0.3500
[INFO GRT-0088] Layer met3    Track-Pitch = 0.6800  line-2-Via Pitch: 0.6150
[INFO GRT-0088] Layer met4    Track-Pitch = 0.9200  line-2-Via Pitch: 1.0400
[INFO GRT-0088] Layer met5    Track-Pitch = 3.4000  line-2-Via Pitch: 3.1100
[INFO GRT-0019] Found 0 clock nets.
[INFO GRT-0001] Minimum degree: 2
[INFO GRT-0002] Maximum degree: 48
[INFO GRT-0003] Macros: 0
[INFO GRT-0004] Blockages: 710

[INFO GRT-0053] Routing resources analysis:
          Routing      Original      Derated      Resource
Layer     Direction    Resources     Resources    Reduction (%)
---------------------------------------------------------------
li1        Vertical            0             0          0.00%
met1       Horizontal       9240          5176          43.98%
met2       Vertical         6930          4572          34.03%
met3       Horizontal       4620          2898          37.27%
met4       Vertical         2772          1260          54.55%
met5       Horizontal        924           361          60.93%
---------------------------------------------------------------

[INFO GRT-0197] Via related to pin nodes: 618
[INFO GRT-0198] Via related Steiner nodes: 9
[INFO GRT-0199] Via filling finished.
[INFO GRT-0111] Final number of vias: 707
[INFO GRT-0112] Final usage 3D: 2826

[INFO GRT-0096] Final congestion report:
Layer         Resource        Demand        Usage (%)    Max H / Max V / Total Overflow
---------------------------------------------------------------------------------------
li1                  0             0            0.00%             0 /  0 /  0
met1              5176           395            7.63%             0 /  0 /  0
met2              4572           310            6.78%             0 /  0 /  0
met3              2898             0            0.00%             0 /  0 /  0
met4              1260             0            0.00%             0 /  0 /  0
met5               361             0            0.00%             0 /  0 /  0
---------------------------------------------------------------------------------------
Total            14267           705            4.94%             0 /  0 /  0

[INFO GRT-0018] Total wirelength: 8618 um
[INFO GRT-0014] Routed nets: 155

==========================================================================
global route report_tns
--------------------------------------------------------------------------
tns 0.00

==========================================================================
global route report_wns
--------------------------------------------------------------------------
wns 0.00

==========================================================================
global route report_worst_slack
--------------------------------------------------------------------------
worst slack INF

==========================================================================
global route report_clock_skew
--------------------------------------------------------------------------

==========================================================================
global route report_checks -path_delay min
--------------------------------------------------------------------------
No paths found.

==========================================================================
global route report_checks -path_delay max
--------------------------------------------------------------------------
No paths found.

==========================================================================
global route report_checks -unconstrained
--------------------------------------------------------------------------
Startpoint: _178_ (falling edge-triggered flip-flop)
Endpoint: DOUT[10] (output port)
Path Group: (none)
Path Type: max

Fanout     Cap    Slew   Delay    Time   Description
-----------------------------------------------------------------------------
                  0.07    0.00    0.00 v _178_/CLK_N (sky130_fd_sc_hd__dfrtn_1)
                  0.08    0.38    0.38 v _178_/Q (sky130_fd_sc_hd__dfrtn_1)
     3    0.01                           temp_analog_1.async_counter_0.div_r[8] (net)
                  0.08    0.00    0.38 v _100_/A3 (sky130_fd_sc_hd__mux4_2)
                  0.10    0.51    0.89 v _100_/X (sky130_fd_sc_hd__mux4_2)
     1    0.01                           _061_ (net)
                  0.10    0.00    0.89 v _101_/B1 (sky130_fd_sc_hd__a221oi_4)
                  1.52    1.22    2.11 ^ _101_/Y (sky130_fd_sc_hd__a221oi_4)
    27    0.14                           _062_ (net)
                  1.52    0.01    2.12 ^ _129_/C (sky130_fd_sc_hd__nor3_1)
                  0.40    0.43    2.55 v _129_/Y (sky130_fd_sc_hd__nor3_1)
     1    0.03                           DOUT[10] (net)
                  0.40    0.00    2.55 v DOUT[10] (out)
                                  2.55   data arrival time
-----------------------------------------------------------------------------
(Path is unconstrained)



==========================================================================
global route report_check_types -max_slew -max_cap -max_fanout -violators
--------------------------------------------------------------------------
max slew

Pin                                    Limit    Slew   Slack
------------------------------------------------------------
_153_/C                                 1.50    1.52   -0.02 (VIOLATED)
_117_/C                                 1.50    1.52   -0.02 (VIOLATED)
_143_/C                                 1.50    1.52   -0.02 (VIOLATED)
_145_/C                                 1.50    1.52   -0.02 (VIOLATED)
_121_/C                                 1.50    1.52   -0.02 (VIOLATED)
_123_/C                                 1.50    1.52   -0.02 (VIOLATED)
_119_/C                                 1.50    1.52   -0.02 (VIOLATED)
_149_/C                                 1.50    1.52   -0.02 (VIOLATED)
_127_/C                                 1.50    1.52   -0.02 (VIOLATED)
_147_/C                                 1.50    1.52   -0.02 (VIOLATED)
_131_/C                                 1.50    1.52   -0.02 (VIOLATED)
_113_/C                                 1.50    1.52   -0.02 (VIOLATED)
_129_/C                                 1.50    1.52   -0.02 (VIOLATED)
_115_/C                                 1.50    1.52   -0.02 (VIOLATED)
_151_/C                                 1.50    1.52   -0.02 (VIOLATED)
_133_/C                                 1.50    1.52   -0.02 (VIOLATED)
_137_/C                                 1.50    1.52   -0.02 (VIOLATED)
_102_/A2                                1.50    1.52   -0.02 (VIOLATED)
_107_/C                                 1.50    1.52   -0.02 (VIOLATED)
_103_/A2                                1.50    1.52   -0.02 (VIOLATED)
_111_/C                                 1.50    1.52   -0.02 (VIOLATED)
_135_/C                                 1.50    1.52   -0.02 (VIOLATED)
_109_/C                                 1.50    1.52   -0.02 (VIOLATED)
_141_/C                                 1.50    1.52   -0.02 (VIOLATED)
_139_/C                                 1.50    1.52   -0.02 (VIOLATED)
_155_/C                                 1.50    1.52   -0.02 (VIOLATED)
_156_/B                                 1.50    1.52   -0.02 (VIOLATED)


==========================================================================
global route max_slew_check_slack
--------------------------------------------------------------------------
-0.015617618337273598

==========================================================================
global route max_slew_check_limit
--------------------------------------------------------------------------
1.5

==========================================================================
global route max_slew_check_slack_limit
--------------------------------------------------------------------------
-0.0104

==========================================================================
global route max_fanout_check_slack
--------------------------------------------------------------------------
1.0000000150474662e+30

==========================================================================
global route max_fanout_check_limit
--------------------------------------------------------------------------
1.0000000150474662e+30

==========================================================================
global route max_capacitance_check_slack
--------------------------------------------------------------------------
0.015115960501134396

==========================================================================
global route max_capacitance_check_limit
--------------------------------------------------------------------------
0.15565000474452972

==========================================================================
global route max_capacitance_check_slack_limit
--------------------------------------------------------------------------
0.0971

==========================================================================
global route max_slew_violation_count
--------------------------------------------------------------------------
max slew violation count 27

==========================================================================
global route max_fanout_violation_count
--------------------------------------------------------------------------
max fanout violation count 0

==========================================================================
global route max_cap_violation_count
--------------------------------------------------------------------------
max cap violation count 0

==========================================================================
global route setup_violation_count
--------------------------------------------------------------------------
setup violation count 0

==========================================================================
global route hold_violation_count
--------------------------------------------------------------------------
hold violation count 0

==========================================================================
global route critical path delay
--------------------------------------------------------------------------
-1

==========================================================================
global route critical path slack
--------------------------------------------------------------------------
0

==========================================================================
global route slack div critical path delay
--------------------------------------------------------------------------
0.000000

==========================================================================
global route report_power
--------------------------------------------------------------------------
Group                  Internal  Switching    Leakage      Total
                          Power      Power      Power      Power (Watts)
----------------------------------------------------------------
Sequential             1.61e-13   7.04e-14   5.48e-10   5.48e-10  42.5%
Combinational          9.75e-14   3.30e-13   7.40e-10   7.40e-10  57.5%
Macro                  0.00e+00   0.00e+00   0.00e+00   0.00e+00   0.0%
Pad                    0.00e+00   0.00e+00   0.00e+00   0.00e+00   0.0%
----------------------------------------------------------------
Total                  2.59e-13   4.01e-13   1.29e-09   1.29e-09 100.0%
                           0.0%       0.0%      99.9%

==========================================================================
global route report_design_area
--------------------------------------------------------------------------
Design area 2559 u^2 19% utilization.


==========================================================================
check_antennas
--------------------------------------------------------------------------
[WARNING ANT-0011] -report_violating_nets is deprecated.
[INFO GRT-0043] No OR_DEFAULT vias defined.
[INFO ANT-0002] Found 0 net violations.
[INFO ANT-0001] Found 0 pin violations.
[WARNING FLW-0006] No clocks found.
[INFO FLW-0011] Path endpoint count 129
Elapsed time: 0:00.46[h:]min:sec. CPU time: user 0.40 sys 0.06 (98%). Peak memory: 158296KB.
