OpenROAD v2.0-6895-g5c85b36f8 
This program is licensed under the BSD-3 license. See the LICENSE file for details.
Components of this program may be licensed under more restrictive licenses which must be honored.
[INFO] Deleted 0 routing obstructions
[INFO RCX-0431] Defined process_corner X with ext_model_index 0
[INFO RCX-0029] Defined extraction corner X
[INFO RCX-0008] extracting parasitics of tempsenseInst_error ...
[INFO RCX-0435] Reading extraction model file /home/coold69/openfasoc/openfasoc/generators/temp-sense-gen/flow/../../../common/platforms/sky130hd/rcx_patterns.rules ...
[INFO RCX-0436] RC segment generation tempsenseInst_error (max_merge_res 50.0) ...
[INFO RCX-0040] Final 654 rc segments
[INFO RCX-0439] Coupling Cap extraction tempsenseInst_error ...
[INFO RCX-0440] Coupling threshhold is 0.1000 fF, coupling capacitance less than 0.1000 fF will be grounded.
[INFO RCX-0043] 1471 wires to be extracted
[INFO RCX-0442] 60% completion -- 894 wires have been extracted
[INFO RCX-0442] 100% completion -- 1471 wires have been extracted
[INFO RCX-0045] Extract 157 nets, 808 rsegs, 808 caps, 865 ccs
[INFO RCX-0015] Finished extracting tempsenseInst_error.
[INFO RCX-0016] Writing SPEF ...
[INFO RCX-0443] 156 nets finished
[INFO RCX-0017] Finished writing SPEF ...
[WARNING PSM-0016] Voltage pad location (VSRC) file not specified, defaulting pad location to checkerboard pattern on core area.
[WARNING PSM-0017] X direction bump pitch is not specified, defaulting to 140um.
[WARNING PSM-0018] Y direction bump pitch is not specified, defaulting to 140um.
[WARNING PSM-0063] Specified bump pitches of 140.000 and 140.000 are less than core width of 118.680 or core height of 114.240. Changing bump location to the center of the die at (77.740, 73.440).
[WARNING PSM-0065] VSRC location not specified, using default checkerboard pattern with one VDD every size bumps in x-direction and one in two bumps in the y-direction
[INFO PSM-0076] Setting metal node density to be standard cell height times 5.
[WARNING PSM-0030] VSRC location at (77.740um, 73.440um) and size 10.000um, is not located on an existing power stripe node. Moving to closest node at (76.400um, 124.320um).
[INFO PSM-0031] Number of PDN nodes on net VDD = 691.
[WARNING PSM-0024] Instance PHY_12, current node at (31600, 78880) at layer 2 have been moved from (33580, 32640).
[WARNING PSM-0024] Instance temp_analog_0.a_inv_0, current node at (80960, 51680) at layer 2 have been moved from (60720, 54400).
[WARNING PSM-0024] Instance temp_analog_0.a_inv_1, current node at (80960, 51680) at layer 2 have been moved from (58420, 51680).
[WARNING PSM-0024] Instance temp_analog_0.a_inv_2, current node at (80960, 51680) at layer 2 have been moved from (59340, 54400).
[WARNING PSM-0024] Instance temp_analog_0.a_inv_3, current node at (80960, 51680) at layer 2 have been moved from (57960, 54400).
[WARNING PSM-0024] Instance temp_analog_0.a_inv_4, current node at (80960, 57120) at layer 2 have been moved from (58420, 57120).
[WARNING PSM-0024] Instance temp_analog_0.a_inv_5, current node at (80960, 57120) at layer 2 have been moved from (57040, 57120).
[WARNING PSM-0024] Instance temp_analog_0.a_inv_m1, current node at (54000, 78880) at layer 2 have been moved from (56580, 59840).
[WARNING PSM-0024] Instance temp_analog_0.a_inv_m2, current node at (80960, 57120) at layer 2 have been moved from (59800, 57120).
[WARNING PSM-0024] Instance temp_analog_0.a_inv_m3, current node at (80960, 57120) at layer 2 have been moved from (61640, 57120).
[WARNING PSM-0024] Instance temp_analog_0.a_nand_0, current node at (80960, 51680) at layer 2 have been moved from (61640, 51680).
[WARNING PSM-0024] Instance PHY_13, current node at (80960, 29920) at layer 2 have been moved from (63020, 32640).
[WARNING PSM-0024] Instance PHY_16, current node at (31600, 78880) at layer 2 have been moved from (33580, 35360).
[WARNING PSM-0024] Instance PHY_17, current node at (80960, 35360) at layer 2 have been moved from (63020, 35360).
[WARNING PSM-0024] Instance PHY_20, current node at (31600, 78880) at layer 2 have been moved from (33580, 38080).
[WARNING PSM-0024] Instance PHY_21, current node at (80960, 35360) at layer 2 have been moved from (63020, 38080).
[WARNING PSM-0024] Instance PHY_24, current node at (31600, 78880) at layer 2 have been moved from (33580, 40800).
[WARNING PSM-0024] Instance PHY_25, current node at (80960, 40800) at layer 2 have been moved from (63020, 40800).
[WARNING PSM-0024] Instance PHY_28, current node at (31600, 78880) at layer 2 have been moved from (33580, 43520).
[WARNING PSM-0024] Instance PHY_29, current node at (80960, 40800) at layer 2 have been moved from (63020, 43520).
[WARNING PSM-0024] Instance PHY_32, current node at (31600, 78880) at layer 2 have been moved from (33580, 46240).
[WARNING PSM-0024] Instance PHY_33, current node at (80960, 46240) at layer 2 have been moved from (63020, 46240).
[WARNING PSM-0024] Instance PHY_36, current node at (31600, 78880) at layer 2 have been moved from (33580, 48960).
[WARNING PSM-0024] Instance PHY_37, current node at (80960, 46240) at layer 2 have been moved from (63020, 48960).
[WARNING PSM-0024] Instance PHY_40, current node at (31600, 78880) at layer 2 have been moved from (33580, 51680).
[WARNING PSM-0024] Instance PHY_41, current node at (80960, 51680) at layer 2 have been moved from (63020, 51680).
[WARNING PSM-0024] Instance PHY_44, current node at (31600, 78880) at layer 2 have been moved from (33580, 54400).
[WARNING PSM-0024] Instance PHY_45, current node at (80960, 51680) at layer 2 have been moved from (63020, 54400).
[WARNING PSM-0024] Instance PHY_48, current node at (31600, 78880) at layer 2 have been moved from (33580, 57120).
[WARNING PSM-0024] Instance PHY_49, current node at (80960, 57120) at layer 2 have been moved from (63020, 57120).
[WARNING PSM-0024] Instance PHY_52, current node at (31600, 78880) at layer 2 have been moved from (33580, 59840).
[WARNING PSM-0024] Instance PHY_53, current node at (80960, 57120) at layer 2 have been moved from (63020, 59840).
[INFO PSM-0064] Number of voltage sources = 1.
[INFO PSM-0040] All PDN stripes on net VDD are connected.
########## IR report #################
Worstcase voltage: 1.80e+00 V
Average IR drop  : 3.96e-10 V
Worstcase IR drop: 1.81e-09 V
######################################
[WARNING PSM-0016] Voltage pad location (VSRC) file not specified, defaulting pad location to checkerboard pattern on core area.
[WARNING PSM-0017] X direction bump pitch is not specified, defaulting to 140um.
[WARNING PSM-0018] Y direction bump pitch is not specified, defaulting to 140um.
[WARNING PSM-0063] Specified bump pitches of 140.000 and 140.000 are less than core width of 118.680 or core height of 114.240. Changing bump location to the center of the die at (77.740, 73.440).
[WARNING PSM-0065] VSRC location not specified, using default checkerboard pattern with one VDD every size bumps in x-direction and one in two bumps in the y-direction
[INFO PSM-0076] Setting metal node density to be standard cell height times 5.
[WARNING PSM-0030] VSRC location at (77.740um, 73.440um) and size 10.000um, is not located on an existing power stripe node. Moving to closest node at (76.360um, 61.320um).
[INFO PSM-0031] Number of PDN nodes on net VSS = 902.
[INFO PSM-0064] Number of voltage sources = 1.
[INFO PSM-0040] All PDN stripes on net VSS are connected.
########## IR report #################
Worstcase voltage: 7.54e-10 V
Average IR drop  : 2.81e-10 V
Worstcase IR drop: 7.54e-10 V
######################################

==========================================================================
finish report_tns
--------------------------------------------------------------------------
tns 0.00

==========================================================================
finish report_wns
--------------------------------------------------------------------------
wns 0.00

==========================================================================
finish report_worst_slack
--------------------------------------------------------------------------
worst slack INF

==========================================================================
finish report_clock_skew
--------------------------------------------------------------------------

==========================================================================
finish report_checks -path_delay min
--------------------------------------------------------------------------
No paths found.

==========================================================================
finish report_checks -path_delay max
--------------------------------------------------------------------------
No paths found.

==========================================================================
finish report_checks -unconstrained
--------------------------------------------------------------------------
Startpoint: _178_ (falling edge-triggered flip-flop)
Endpoint: DOUT[6] (output port)
Path Group: (none)
Path Type: max

Fanout     Cap    Slew   Delay    Time   Description
-----------------------------------------------------------------------------
                  0.07    0.00    0.00 v _178_/CLK_N (sky130_fd_sc_hd__dfrtn_1)
                  0.07    0.37    0.37 v _178_/Q (sky130_fd_sc_hd__dfrtn_1)
     3    0.01                           temp_analog_1.async_counter_0.div_r[8] (net)
                  0.07    0.00    0.37 v _100_/A3 (sky130_fd_sc_hd__mux4_2)
                  0.10    0.50    0.87 v _100_/X (sky130_fd_sc_hd__mux4_2)
     1    0.01                           _061_ (net)
                  0.10    0.00    0.87 v _101_/B1 (sky130_fd_sc_hd__a221oi_4)
                  1.38    1.12    1.99 ^ _101_/Y (sky130_fd_sc_hd__a221oi_4)
    27    0.13                           _062_ (net)
                  1.38    0.02    2.00 ^ _119_/C (sky130_fd_sc_hd__nor3_1)
                  0.32    0.32    2.32 v _119_/Y (sky130_fd_sc_hd__nor3_1)
     1    0.02                           DOUT[6] (net)
                  0.32    0.00    2.32 v DOUT[6] (out)
                                  2.32   data arrival time
-----------------------------------------------------------------------------
(Path is unconstrained)



==========================================================================
finish report_check_types -max_slew -max_cap -max_fanout -violators
--------------------------------------------------------------------------

==========================================================================
finish max_slew_check_slack
--------------------------------------------------------------------------
0.12389189749956131

==========================================================================
finish max_slew_check_limit
--------------------------------------------------------------------------
1.5

==========================================================================
finish max_slew_check_slack_limit
--------------------------------------------------------------------------
0.0826

==========================================================================
finish max_fanout_check_slack
--------------------------------------------------------------------------
1.0000000150474662e+30

==========================================================================
finish max_fanout_check_limit
--------------------------------------------------------------------------
1.0000000150474662e+30

==========================================================================
finish max_capacitance_check_slack
--------------------------------------------------------------------------
0.021244101226329803

==========================================================================
finish max_capacitance_check_limit
--------------------------------------------------------------------------
0.15565000474452972

==========================================================================
finish max_capacitance_check_slack_limit
--------------------------------------------------------------------------
0.1365

==========================================================================
finish max_slew_violation_count
--------------------------------------------------------------------------
max slew violation count 0

==========================================================================
finish max_fanout_violation_count
--------------------------------------------------------------------------
max fanout violation count 0

==========================================================================
finish max_cap_violation_count
--------------------------------------------------------------------------
max cap violation count 0

==========================================================================
finish setup_violation_count
--------------------------------------------------------------------------
setup violation count 0

==========================================================================
finish hold_violation_count
--------------------------------------------------------------------------
hold violation count 0

==========================================================================
finish critical path delay
--------------------------------------------------------------------------
-1

==========================================================================
finish critical path slack
--------------------------------------------------------------------------
0

==========================================================================
finish slack div critical path delay
--------------------------------------------------------------------------
0.000000

==========================================================================
finish report_power
--------------------------------------------------------------------------
Group                  Internal  Switching    Leakage      Total
                          Power      Power      Power      Power (Watts)
----------------------------------------------------------------
Sequential             1.64e-13   5.48e-14   5.48e-10   5.48e-10  42.5%
Combinational          9.74e-14   2.54e-13   7.40e-10   7.40e-10  57.5%
Macro                  0.00e+00   0.00e+00   0.00e+00   0.00e+00   0.0%
Pad                    0.00e+00   0.00e+00   0.00e+00   0.00e+00   0.0%
----------------------------------------------------------------
Total                  2.61e-13   3.09e-13   1.29e-09   1.29e-09 100.0%
                           0.0%       0.0%     100.0%

==========================================================================
finish report_design_area
--------------------------------------------------------------------------
Design area 2559 u^2 19% utilization.

Elapsed time: 0:01.62[h:]min:sec. CPU time: user 1.29 sys 0.13 (87%). Peak memory: 228332KB.
