
Circuit 1 cell sky130_fd_pr__nfet_01v8 and Circuit 2 cell sky130_fd_pr__nfet_01v8 are black boxes.
Equate elements:  no current cell.
Device classes sky130_fd_pr__nfet_01v8 and sky130_fd_pr__nfet_01v8 are equivalent.

Circuit 1 cell sky130_fd_pr__pfet_01v8 and Circuit 2 cell sky130_fd_pr__pfet_01v8 are black boxes.
Equate elements:  no current cell.
Device classes sky130_fd_pr__pfet_01v8 and sky130_fd_pr__pfet_01v8 are equivalent.

Subcircuit summary:
Circuit 1: inverter                        |Circuit 2: inverter                        
-------------------------------------------|-------------------------------------------
sky130_fd_pr__nfet_01v8 (1)                |sky130_fd_pr__nfet_01v8 (1)                
sky130_fd_pr__pfet_01v8 (1)                |sky130_fd_pr__pfet_01v8 (1)                
Number of devices: 2                       |Number of devices: 2                       
Number of nets: 4                          |Number of nets: 4                          
---------------------------------------------------------------------------------------
Netlists match uniquely with property errors.
sky130_fd_pr__pfet_01v8:1 vs. sky130_fd_pr__pfet_01v8:M3:
 w circuit1: 1   circuit2: 3   (delta=100%, cutoff=0%)
 ps circuit1: "3.1"   (unresolved expression)  (property type mismatch)
 as circuit1: "0.55"   (unresolved expression)  (property type mismatch)
 pd circuit1: "3.1"   (unresolved expression)  (property type mismatch)
 ad circuit1: "0.55"   (unresolved expression)  (property type mismatch)
sky130_fd_pr__pfet_01v8:1 vs. sky130_fd_pr__pfet_01v8:M3:
Property mult in circuit2 has no matching property in circuit1
sky130_fd_pr__pfet_01v8:1 vs. sky130_fd_pr__pfet_01v8:M3:
Property sd in circuit2 has no matching property in circuit1
sky130_fd_pr__pfet_01v8:1 vs. sky130_fd_pr__pfet_01v8:M3:
Property sb in circuit2 has no matching property in circuit1
sky130_fd_pr__pfet_01v8:1 vs. sky130_fd_pr__pfet_01v8:M3:
Property sa in circuit2 has no matching property in circuit1
sky130_fd_pr__pfet_01v8:1 vs. sky130_fd_pr__pfet_01v8:M3:
Property nrs in circuit2 has no matching property in circuit1
sky130_fd_pr__pfet_01v8:1 vs. sky130_fd_pr__pfet_01v8:M3:
Property nrd in circuit2 has no matching property in circuit1
sky130_fd_pr__pfet_01v8:1 vs. sky130_fd_pr__pfet_01v8:M3:
Property nf in circuit2 has no matching property in circuit1
sky130_fd_pr__nfet_01v8:0 vs. sky130_fd_pr__nfet_01v8:M2:
 w circuit1: 1   circuit2: 4.5   (delta=127%, cutoff=0%)
 ps circuit1: "3.1"   (unresolved expression)  (property type mismatch)
 as circuit1: "0.55"   (unresolved expression)  (property type mismatch)
 pd circuit1: "3.1"   (unresolved expression)  (property type mismatch)
 ad circuit1: "0.55"   (unresolved expression)  (property type mismatch)
sky130_fd_pr__nfet_01v8:0 vs. sky130_fd_pr__nfet_01v8:M2:
Property mult in circuit2 has no matching property in circuit1
sky130_fd_pr__nfet_01v8:0 vs. sky130_fd_pr__nfet_01v8:M2:
Property sd in circuit2 has no matching property in circuit1
sky130_fd_pr__nfet_01v8:0 vs. sky130_fd_pr__nfet_01v8:M2:
Property sb in circuit2 has no matching property in circuit1
sky130_fd_pr__nfet_01v8:0 vs. sky130_fd_pr__nfet_01v8:M2:
Property sa in circuit2 has no matching property in circuit1
sky130_fd_pr__nfet_01v8:0 vs. sky130_fd_pr__nfet_01v8:M2:
Property nrs in circuit2 has no matching property in circuit1
sky130_fd_pr__nfet_01v8:0 vs. sky130_fd_pr__nfet_01v8:M2:
Property nrd in circuit2 has no matching property in circuit1
sky130_fd_pr__nfet_01v8:0 vs. sky130_fd_pr__nfet_01v8:M2:
Property nf in circuit2 has no matching property in circuit1

Subcircuit pins:
Circuit 1: inverter                        |Circuit 2: inverter                        
-------------------------------------------|-------------------------------------------
vout                                       |vout                                       
vin                                        |vin                                        
vss                                        |vss                                        
vdd                                        |vdd                                        
---------------------------------------------------------------------------------------
Cell pin lists are equivalent.
Device classes inverter and inverter are equivalent.

Subcircuit summary:
Circuit 1: inverter.spice                  |Circuit 2: inverter_tb.spice               
-------------------------------------------|-------------------------------------------
inverter (1)                               |inverter (1)                               
vsrc (2)                                   |vsrc (2)                                   
Number of devices: 3                       |Number of devices: 3                       
Number of nets: 4                          |Number of nets: 4                          
---------------------------------------------------------------------------------------
Netlists match uniquely.
Cells have no pins;  pin matching not needed.
Device classes inverter.spice and inverter_tb.spice are equivalent.

Final result: Circuits match uniquely.
.

The following cells had property errors:
 inverter
