(UNNAMED) {(UNNAMED) 24}
----------------------------------------
your poly spacing to diffusion is < 1, so flagging DRC error
----------------------------------------
 11.000 9.000 12.000 26.000
 11.000 38.000 12.000 55.000
 14.000 38.000 15.000 55.000
 14.000 9.000 15.000 26.000
 19.000 9.000 20.000 26.000
 19.000 38.000 20.000 55.000
 22.000 38.000 23.000 55.000
 22.000 9.000 23.000 26.000
 27.000 9.000 28.000 26.000
 27.000 38.000 28.000 55.000
 30.000 38.000 31.000 55.000
 30.000 9.000 31.000 26.000
 35.000 9.000 36.000 26.000
 35.000 38.000 36.000 55.000
 38.000 38.000 39.000 55.000
 38.000 9.000 39.000 26.000
 43.000 9.000 44.000 26.000
 43.000 38.000 44.000 55.000
 46.000 38.000 47.000 55.000
 46.000 9.000 47.000 26.000
 51.000 9.000 52.000 26.000
 51.000 38.000 52.000 55.000
 54.000 38.000 55.000 55.000
 54.000 9.000 55.000 26.000
----------------------------------------

